The system is: Linux - 4.18.0-513.9.1.el8_9.x86_64 - x86_64
Compiling the CXX compiler identification source file "CMakeCXXCompilerId.cpp" succeeded.
Compiler: /WAVE/apps/el8/eb/software/GCCcore/12.3.0/bin/c++ 
Build flags: 
Id flags:  

The output was:
0


Compilation of the CXX compiler identification source "CMakeCXXCompilerId.cpp" produced "a.out"

The CXX compiler identification is GNU, found in "/WAVE/users/unix/lcalder/ycho_lab/logan_calder/workspace/blaspp-build/CMakeFiles/3.20.2/CompilerIdCXX/a.out"

Detecting CXX compiler ABI info compiled with the following output:
Change Dir: /WAVE/users/unix/lcalder/ycho_lab/logan_calder/workspace/blaspp-build/CMakeFiles/CMakeTmp

Run Build Command(s):/usr/bin/gmake -f Makefile cmTC_208f2/fast && /usr/bin/gmake  -f CMakeFiles/cmTC_208f2.dir/build.make CMakeFiles/cmTC_208f2.dir/build
gmake[1]: Entering directory '/WAVE/projects/ycho_lab/logan_calder/workspace/blaspp-build/CMakeFiles/CMakeTmp'
Building CXX object CMakeFiles/cmTC_208f2.dir/CMakeCXXCompilerABI.cpp.o
/WAVE/apps/el8/eb/software/GCCcore/12.3.0/bin/c++   -v -o CMakeFiles/cmTC_208f2.dir/CMakeCXXCompilerABI.cpp.o -c /usr/share/cmake/Modules/CMakeCXXCompilerABI.cpp
Using built-in specs.
COLLECT_GCC=/WAVE/apps/el8/eb/software/GCCcore/12.3.0/bin/c++
OFFLOAD_TARGET_NAMES=nvptx-none
Target: x86_64-pc-linux-gnu
Configured with: ../configure --enable-languages=c,c++,fortran --without-cuda-driver --enable-offload-targets=nvptx-none --enable-lto --enable-checking=release --disable-multilib --enable-shared=yes --enable-static=yes --enable-threads=posix --enable-plugins --enable-gold --enable-ld=default --prefix=/WAVE/apps/el8/eb/software/GCCcore/12.3.0 --with-local-prefix=/WAVE/apps/el8/eb/software/GCCcore/12.3.0 --enable-bootstrap --with-isl=/WAVE/apps/el8/eb/build/GCCcore/12.3.0/system-system/gcc-12.3.0/stage2_stuff --build=x86_64-pc-linux-gnu --host=x86_64-pc-linux-gnu
Thread model: posix
Supported LTO compression algorithms: zlib zstd
gcc version 12.3.0 (GCC) 
COLLECT_GCC_OPTIONS='-v' '-o' 'CMakeFiles/cmTC_208f2.dir/CMakeCXXCompilerABI.cpp.o' '-c' '-shared-libgcc' '-mtune=generic' '-march=x86-64' '-dumpdir' 'CMakeFiles/cmTC_208f2.dir/'
 /WAVE/apps/el8/eb/software/GCCcore/12.3.0/libexec/gcc/x86_64-pc-linux-gnu/12.3.0/cc1plus -quiet -v -D_GNU_SOURCE /usr/share/cmake/Modules/CMakeCXXCompilerABI.cpp -quiet -dumpdir CMakeFiles/cmTC_208f2.dir/ -dumpbase CMakeCXXCompilerABI.cpp.cpp -dumpbase-ext .cpp -mtune=generic -march=x86-64 -version -o /tmp/ccJQwucS.s
GNU C++17 (GCC) version 12.3.0 (x86_64-pc-linux-gnu)
	compiled by GNU C version 12.3.0, GMP version 6.2.1, MPFR version 4.2.0, MPC version 1.3.1, isl version isl-0.26-GMP

GGC heuristics: --param ggc-min-expand=100 --param ggc-min-heapsize=131072
ignoring nonexistent directory "/WAVE/apps/el8/eb/software/GCCcore/12.3.0/lib/gcc/x86_64-pc-linux-gnu/12.3.0/include-fixed"
ignoring nonexistent directory "/WAVE/apps/el8/eb/software/GCCcore/12.3.0/lib/gcc/x86_64-pc-linux-gnu/12.3.0/../../../../x86_64-pc-linux-gnu/include"
#include "..." search starts here:
#include <...> search starts here:
 /WAVE/apps/el8/packages/OpenMPI/4.1.5/app/include
 /WAVE/apps/el8/packages/UCX/1.14.1/app/include
 /WAVE/apps/el8/eb/software/binutils/2.40-GCCcore-12.3.0/include
 /WAVE/apps/el8/eb/software/zlib/1.2.13-GCCcore-12.3.0/include
 /WAVE/apps/el8/conda/envs/Python/20230826/include
 /WAVE/projects/ycho_lab/software/OpenBLAS-GCC_12.3.0/include
 /WAVE/apps/el8/eb/software/GCCcore/12.3.0/lib/gcc/x86_64-pc-linux-gnu/12.3.0/../../../../include/c++/12.3.0
 /WAVE/apps/el8/eb/software/GCCcore/12.3.0/lib/gcc/x86_64-pc-linux-gnu/12.3.0/../../../../include/c++/12.3.0/x86_64-pc-linux-gnu
 /WAVE/apps/el8/eb/software/GCCcore/12.3.0/lib/gcc/x86_64-pc-linux-gnu/12.3.0/../../../../include/c++/12.3.0/backward
 /WAVE/apps/el8/eb/software/GCCcore/12.3.0/lib/gcc/x86_64-pc-linux-gnu/12.3.0/include
 /WAVE/apps/el8/eb/software/GCCcore/12.3.0/include
 /usr/include
End of search list.
GNU C++17 (GCC) version 12.3.0 (x86_64-pc-linux-gnu)
	compiled by GNU C version 12.3.0, GMP version 6.2.1, MPFR version 4.2.0, MPC version 1.3.1, isl version isl-0.26-GMP

GGC heuristics: --param ggc-min-expand=100 --param ggc-min-heapsize=131072
Compiler executable checksum: 85a5df532263a2e62cc36f7d1d54021d
COLLECT_GCC_OPTIONS='-v' '-o' 'CMakeFiles/cmTC_208f2.dir/CMakeCXXCompilerABI.cpp.o' '-c' '-shared-libgcc' '-mtune=generic' '-march=x86-64' '-dumpdir' 'CMakeFiles/cmTC_208f2.dir/'
 as -v --64 -o CMakeFiles/cmTC_208f2.dir/CMakeCXXCompilerABI.cpp.o /tmp/ccJQwucS.s
GNU assembler version 2.40 (x86_64-pc-linux-gnu) using BFD version (GNU Binutils) 2.40
COMPILER_PATH=/WAVE/apps/el8/eb/software/GCCcore/12.3.0/libexec/gcc/x86_64-pc-linux-gnu/12.3.0/:/WAVE/apps/el8/eb/software/GCCcore/12.3.0/libexec/gcc/x86_64-pc-linux-gnu/12.3.0/:/WAVE/apps/el8/eb/software/GCCcore/12.3.0/libexec/gcc/x86_64-pc-linux-gnu/:/WAVE/apps/el8/eb/software/GCCcore/12.3.0/lib/gcc/x86_64-pc-linux-gnu/12.3.0/:/WAVE/apps/el8/eb/software/GCCcore/12.3.0/lib/gcc/x86_64-pc-linux-gnu/
LIBRARY_PATH=/WAVE/apps/el8/eb/software/binutils/2.40-GCCcore-12.3.0/lib/../lib64/:/WAVE/apps/el8/eb/software/zlib/1.2.13-GCCcore-12.3.0/lib/../lib64/:/WAVE/apps/el8/eb/software/GCCcore/12.3.0/lib/gcc/x86_64-pc-linux-gnu/12.3.0/:/WAVE/apps/el8/eb/software/GCCcore/12.3.0/lib/gcc/x86_64-pc-linux-gnu/12.3.0/../../../../lib64/:/lib/../lib64/:/usr/lib/../lib64/:/WAVE/apps/el8/packages/OpenMPI/4.1.5/app/lib/:/WAVE/apps/el8/packages/UCX/1.14.1/app/lib/:/WAVE/apps/el8/eb/software/binutils/2.40-GCCcore-12.3.0/lib/:/WAVE/apps/el8/eb/software/zlib/1.2.13-GCCcore-12.3.0/lib/:/WAVE/apps/el8/conda/envs/Python/20230826/lib/:/WAVE/projects/ycho_lab/software/OpenBLAS-GCC_12.3.0/lib/:/WAVE/apps/el8/eb/software/GCCcore/12.3.0/lib/gcc/x86_64-pc-linux-gnu/12.3.0/../../../:/lib/:/usr/lib/
COLLECT_GCC_OPTIONS='-v' '-o' 'CMakeFiles/cmTC_208f2.dir/CMakeCXXCompilerABI.cpp.o' '-c' '-shared-libgcc' '-mtune=generic' '-march=x86-64' '-dumpdir' 'CMakeFiles/cmTC_208f2.dir/CMakeCXXCompilerABI.cpp.'
Linking CXX executable cmTC_208f2
/usr/bin/cmake -E cmake_link_script CMakeFiles/cmTC_208f2.dir/link.txt --verbose=1
/WAVE/apps/el8/eb/software/GCCcore/12.3.0/bin/c++  -v CMakeFiles/cmTC_208f2.dir/CMakeCXXCompilerABI.cpp.o -o cmTC_208f2 
Using built-in specs.
COLLECT_GCC=/WAVE/apps/el8/eb/software/GCCcore/12.3.0/bin/c++
COLLECT_LTO_WRAPPER=/WAVE/apps/el8/eb/software/GCCcore/12.3.0/libexec/gcc/x86_64-pc-linux-gnu/12.3.0/lto-wrapper
OFFLOAD_TARGET_NAMES=nvptx-none
Target: x86_64-pc-linux-gnu
Configured with: ../configure --enable-languages=c,c++,fortran --without-cuda-driver --enable-offload-targets=nvptx-none --enable-lto --enable-checking=release --disable-multilib --enable-shared=yes --enable-static=yes --enable-threads=posix --enable-plugins --enable-gold --enable-ld=default --prefix=/WAVE/apps/el8/eb/software/GCCcore/12.3.0 --with-local-prefix=/WAVE/apps/el8/eb/software/GCCcore/12.3.0 --enable-bootstrap --with-isl=/WAVE/apps/el8/eb/build/GCCcore/12.3.0/system-system/gcc-12.3.0/stage2_stuff --build=x86_64-pc-linux-gnu --host=x86_64-pc-linux-gnu
Thread model: posix
Supported LTO compression algorithms: zlib zstd
gcc version 12.3.0 (GCC) 
COMPILER_PATH=/WAVE/apps/el8/eb/software/GCCcore/12.3.0/libexec/gcc/x86_64-pc-linux-gnu/12.3.0/:/WAVE/apps/el8/eb/software/GCCcore/12.3.0/libexec/gcc/x86_64-pc-linux-gnu/12.3.0/:/WAVE/apps/el8/eb/software/GCCcore/12.3.0/libexec/gcc/x86_64-pc-linux-gnu/:/WAVE/apps/el8/eb/software/GCCcore/12.3.0/lib/gcc/x86_64-pc-linux-gnu/12.3.0/:/WAVE/apps/el8/eb/software/GCCcore/12.3.0/lib/gcc/x86_64-pc-linux-gnu/
LIBRARY_PATH=/WAVE/apps/el8/eb/software/binutils/2.40-GCCcore-12.3.0/lib/../lib64/:/WAVE/apps/el8/eb/software/zlib/1.2.13-GCCcore-12.3.0/lib/../lib64/:/WAVE/apps/el8/eb/software/GCCcore/12.3.0/lib/gcc/x86_64-pc-linux-gnu/12.3.0/:/WAVE/apps/el8/eb/software/GCCcore/12.3.0/lib/gcc/x86_64-pc-linux-gnu/12.3.0/../../../../lib64/:/lib/../lib64/:/usr/lib/../lib64/:/WAVE/apps/el8/packages/OpenMPI/4.1.5/app/lib/:/WAVE/apps/el8/packages/UCX/1.14.1/app/lib/:/WAVE/apps/el8/eb/software/binutils/2.40-GCCcore-12.3.0/lib/:/WAVE/apps/el8/eb/software/zlib/1.2.13-GCCcore-12.3.0/lib/:/WAVE/apps/el8/conda/envs/Python/20230826/lib/:/WAVE/projects/ycho_lab/software/OpenBLAS-GCC_12.3.0/lib/:/WAVE/apps/el8/eb/software/GCCcore/12.3.0/lib/gcc/x86_64-pc-linux-gnu/12.3.0/../../../:/lib/:/usr/lib/
COLLECT_GCC_OPTIONS='-v' '-o' 'cmTC_208f2' '-shared-libgcc' '-mtune=generic' '-march=x86-64' '-dumpdir' 'cmTC_208f2.'
 /WAVE/apps/el8/eb/software/GCCcore/12.3.0/libexec/gcc/x86_64-pc-linux-gnu/12.3.0/collect2 -plugin /WAVE/apps/el8/eb/software/GCCcore/12.3.0/libexec/gcc/x86_64-pc-linux-gnu/12.3.0/liblto_plugin.so -plugin-opt=/WAVE/apps/el8/eb/software/GCCcore/12.3.0/libexec/gcc/x86_64-pc-linux-gnu/12.3.0/lto-wrapper -plugin-opt=-fresolution=/tmp/ccdOHFkc.res -plugin-opt=-pass-through=-lgcc_s -plugin-opt=-pass-through=-lgcc -plugin-opt=-pass-through=-lc -plugin-opt=-pass-through=-lgcc_s -plugin-opt=-pass-through=-lgcc --eh-frame-hdr -m elf_x86_64 -dynamic-linker /lib64/ld-linux-x86-64.so.2 -o cmTC_208f2 /lib/../lib64/crt1.o /lib/../lib64/crti.o /WAVE/apps/el8/eb/software/GCCcore/12.3.0/lib/gcc/x86_64-pc-linux-gnu/12.3.0/crtbegin.o -L/WAVE/apps/el8/eb/software/binutils/2.40-GCCcore-12.3.0/lib/../lib64 -L/WAVE/apps/el8/eb/software/zlib/1.2.13-GCCcore-12.3.0/lib/../lib64 -L/WAVE/apps/el8/eb/software/GCCcore/12.3.0/lib/gcc/x86_64-pc-linux-gnu/12.3.0 -L/WAVE/apps/el8/eb/software/GCCcore/12.3.0/lib/gcc/x86_64-pc-linux-gnu/12.3.0/../../../../lib64 -L/lib/../lib64 -L/usr/lib/../lib64 -L/WAVE/apps/el8/packages/OpenMPI/4.1.5/app/lib -L/WAVE/apps/el8/packages/UCX/1.14.1/app/lib -L/WAVE/apps/el8/eb/software/binutils/2.40-GCCcore-12.3.0/lib -L/WAVE/apps/el8/eb/software/zlib/1.2.13-GCCcore-12.3.0/lib -L/WAVE/apps/el8/conda/envs/Python/20230826/lib -L/WAVE/projects/ycho_lab/software/OpenBLAS-GCC_12.3.0/lib -L/WAVE/apps/el8/eb/software/GCCcore/12.3.0/lib/gcc/x86_64-pc-linux-gnu/12.3.0/../../.. CMakeFiles/cmTC_208f2.dir/CMakeCXXCompilerABI.cpp.o -lstdc++ -lm -lgcc_s -lgcc -lc -lgcc_s -lgcc /WAVE/apps/el8/eb/software/GCCcore/12.3.0/lib/gcc/x86_64-pc-linux-gnu/12.3.0/crtend.o /lib/../lib64/crtn.o
COLLECT_GCC_OPTIONS='-v' '-o' 'cmTC_208f2' '-shared-libgcc' '-mtune=generic' '-march=x86-64' '-dumpdir' 'cmTC_208f2.'
gmake[1]: Leaving directory '/WAVE/projects/ycho_lab/logan_calder/workspace/blaspp-build/CMakeFiles/CMakeTmp'



Parsed CXX implicit include dir info from above output: rv=done
  found start of include info
  found start of implicit include info
    add: [/WAVE/apps/el8/packages/OpenMPI/4.1.5/app/include]
    add: [/WAVE/apps/el8/packages/UCX/1.14.1/app/include]
    add: [/WAVE/apps/el8/eb/software/binutils/2.40-GCCcore-12.3.0/include]
    add: [/WAVE/apps/el8/eb/software/zlib/1.2.13-GCCcore-12.3.0/include]
    add: [/WAVE/apps/el8/conda/envs/Python/20230826/include]
    add: [/WAVE/projects/ycho_lab/software/OpenBLAS-GCC_12.3.0/include]
    add: [/WAVE/apps/el8/eb/software/GCCcore/12.3.0/lib/gcc/x86_64-pc-linux-gnu/12.3.0/../../../../include/c++/12.3.0]
    add: [/WAVE/apps/el8/eb/software/GCCcore/12.3.0/lib/gcc/x86_64-pc-linux-gnu/12.3.0/../../../../include/c++/12.3.0/x86_64-pc-linux-gnu]
    add: [/WAVE/apps/el8/eb/software/GCCcore/12.3.0/lib/gcc/x86_64-pc-linux-gnu/12.3.0/../../../../include/c++/12.3.0/backward]
    add: [/WAVE/apps/el8/eb/software/GCCcore/12.3.0/lib/gcc/x86_64-pc-linux-gnu/12.3.0/include]
    add: [/WAVE/apps/el8/eb/software/GCCcore/12.3.0/include]
    add: [/usr/include]
  end of search list found
  collapse include dir [/WAVE/apps/el8/packages/OpenMPI/4.1.5/app/include] ==> [/WAVE/apps/el8/packages/OpenMPI/4.1.5/app/include]
  collapse include dir [/WAVE/apps/el8/packages/UCX/1.14.1/app/include] ==> [/WAVE/apps/el8/packages/UCX/1.14.1/app/include]
  collapse include dir [/WAVE/apps/el8/eb/software/binutils/2.40-GCCcore-12.3.0/include] ==> [/WAVE/apps/el8/eb/software/binutils/2.40-GCCcore-12.3.0/include]
  collapse include dir [/WAVE/apps/el8/eb/software/zlib/1.2.13-GCCcore-12.3.0/include] ==> [/WAVE/apps/el8/eb/software/zlib/1.2.13-GCCcore-12.3.0/include]
  collapse include dir [/WAVE/apps/el8/conda/envs/Python/20230826/include] ==> [/WAVE/apps/el8/conda/envs/Python/20230826/include]
  collapse include dir [/WAVE/projects/ycho_lab/software/OpenBLAS-GCC_12.3.0/include] ==> [/WAVE/users/unix/lcalder/ycho_lab/software/OpenBLAS-GCC_12.3.0/include]
  collapse include dir [/WAVE/apps/el8/eb/software/GCCcore/12.3.0/lib/gcc/x86_64-pc-linux-gnu/12.3.0/../../../../include/c++/12.3.0] ==> [/WAVE/apps/el8/eb/software/GCCcore/12.3.0/include/c++/12.3.0]
  collapse include dir [/WAVE/apps/el8/eb/software/GCCcore/12.3.0/lib/gcc/x86_64-pc-linux-gnu/12.3.0/../../../../include/c++/12.3.0/x86_64-pc-linux-gnu] ==> [/WAVE/apps/el8/eb/software/GCCcore/12.3.0/include/c++/12.3.0/x86_64-pc-linux-gnu]
  collapse include dir [/WAVE/apps/el8/eb/software/GCCcore/12.3.0/lib/gcc/x86_64-pc-linux-gnu/12.3.0/../../../../include/c++/12.3.0/backward] ==> [/WAVE/apps/el8/eb/software/GCCcore/12.3.0/include/c++/12.3.0/backward]
  collapse include dir [/WAVE/apps/el8/eb/software/GCCcore/12.3.0/lib/gcc/x86_64-pc-linux-gnu/12.3.0/include] ==> [/WAVE/apps/el8/eb/software/GCCcore/12.3.0/lib/gcc/x86_64-pc-linux-gnu/12.3.0/include]
  collapse include dir [/WAVE/apps/el8/eb/software/GCCcore/12.3.0/include] ==> [/WAVE/apps/el8/eb/software/GCCcore/12.3.0/include]
  collapse include dir [/usr/include] ==> [/usr/include]
  implicit include dirs: [/WAVE/apps/el8/packages/OpenMPI/4.1.5/app/include;/WAVE/apps/el8/packages/UCX/1.14.1/app/include;/WAVE/apps/el8/eb/software/binutils/2.40-GCCcore-12.3.0/include;/WAVE/apps/el8/eb/software/zlib/1.2.13-GCCcore-12.3.0/include;/WAVE/apps/el8/conda/envs/Python/20230826/include;/WAVE/users/unix/lcalder/ycho_lab/software/OpenBLAS-GCC_12.3.0/include;/WAVE/apps/el8/eb/software/GCCcore/12.3.0/include/c++/12.3.0;/WAVE/apps/el8/eb/software/GCCcore/12.3.0/include/c++/12.3.0/x86_64-pc-linux-gnu;/WAVE/apps/el8/eb/software/GCCcore/12.3.0/include/c++/12.3.0/backward;/WAVE/apps/el8/eb/software/GCCcore/12.3.0/lib/gcc/x86_64-pc-linux-gnu/12.3.0/include;/WAVE/apps/el8/eb/software/GCCcore/12.3.0/include;/usr/include]


Parsed CXX implicit link information from above output:
  link line regex: [^( *|.*[/\])(ld|CMAKE_LINK_STARTFILE-NOTFOUND|([^/\]+-)?ld|collect2)[^/\]*( |$)]
  ignore line: [Change Dir: /WAVE/users/unix/lcalder/ycho_lab/logan_calder/workspace/blaspp-build/CMakeFiles/CMakeTmp]
  ignore line: []
  ignore line: [Run Build Command(s):/usr/bin/gmake -f Makefile cmTC_208f2/fast && /usr/bin/gmake  -f CMakeFiles/cmTC_208f2.dir/build.make CMakeFiles/cmTC_208f2.dir/build]
  ignore line: [gmake[1]: Entering directory '/WAVE/projects/ycho_lab/logan_calder/workspace/blaspp-build/CMakeFiles/CMakeTmp']
  ignore line: [Building CXX object CMakeFiles/cmTC_208f2.dir/CMakeCXXCompilerABI.cpp.o]
  ignore line: [/WAVE/apps/el8/eb/software/GCCcore/12.3.0/bin/c++   -v -o CMakeFiles/cmTC_208f2.dir/CMakeCXXCompilerABI.cpp.o -c /usr/share/cmake/Modules/CMakeCXXCompilerABI.cpp]
  ignore line: [Using built-in specs.]
  ignore line: [COLLECT_GCC=/WAVE/apps/el8/eb/software/GCCcore/12.3.0/bin/c++]
  ignore line: [OFFLOAD_TARGET_NAMES=nvptx-none]
  ignore line: [Target: x86_64-pc-linux-gnu]
  ignore line: [Configured with: ../configure --enable-languages=c,c++,fortran --without-cuda-driver --enable-offload-targets=nvptx-none --enable-lto --enable-checking=release --disable-multilib --enable-shared=yes --enable-static=yes --enable-threads=posix --enable-plugins --enable-gold --enable-ld=default --prefix=/WAVE/apps/el8/eb/software/GCCcore/12.3.0 --with-local-prefix=/WAVE/apps/el8/eb/software/GCCcore/12.3.0 --enable-bootstrap --with-isl=/WAVE/apps/el8/eb/build/GCCcore/12.3.0/system-system/gcc-12.3.0/stage2_stuff --build=x86_64-pc-linux-gnu --host=x86_64-pc-linux-gnu]
  ignore line: [Thread model: posix]
  ignore line: [Supported LTO compression algorithms: zlib zstd]
  ignore line: [gcc version 12.3.0 (GCC) ]
  ignore line: [COLLECT_GCC_OPTIONS='-v' '-o' 'CMakeFiles/cmTC_208f2.dir/CMakeCXXCompilerABI.cpp.o' '-c' '-shared-libgcc' '-mtune=generic' '-march=x86-64' '-dumpdir' 'CMakeFiles/cmTC_208f2.dir/']
  ignore line: [ /WAVE/apps/el8/eb/software/GCCcore/12.3.0/libexec/gcc/x86_64-pc-linux-gnu/12.3.0/cc1plus -quiet -v -D_GNU_SOURCE /usr/share/cmake/Modules/CMakeCXXCompilerABI.cpp -quiet -dumpdir CMakeFiles/cmTC_208f2.dir/ -dumpbase CMakeCXXCompilerABI.cpp.cpp -dumpbase-ext .cpp -mtune=generic -march=x86-64 -version -o /tmp/ccJQwucS.s]
  ignore line: [GNU C++17 (GCC) version 12.3.0 (x86_64-pc-linux-gnu)]
  ignore line: [	compiled by GNU C version 12.3.0  GMP version 6.2.1  MPFR version 4.2.0  MPC version 1.3.1  isl version isl-0.26-GMP]
  ignore line: []
  ignore line: [GGC heuristics: --param ggc-min-expand=100 --param ggc-min-heapsize=131072]
  ignore line: [ignoring nonexistent directory "/WAVE/apps/el8/eb/software/GCCcore/12.3.0/lib/gcc/x86_64-pc-linux-gnu/12.3.0/include-fixed"]
  ignore line: [ignoring nonexistent directory "/WAVE/apps/el8/eb/software/GCCcore/12.3.0/lib/gcc/x86_64-pc-linux-gnu/12.3.0/../../../../x86_64-pc-linux-gnu/include"]
  ignore line: [#include "..." search starts here:]
  ignore line: [#include <...> search starts here:]
  ignore line: [ /WAVE/apps/el8/packages/OpenMPI/4.1.5/app/include]
  ignore line: [ /WAVE/apps/el8/packages/UCX/1.14.1/app/include]
  ignore line: [ /WAVE/apps/el8/eb/software/binutils/2.40-GCCcore-12.3.0/include]
  ignore line: [ /WAVE/apps/el8/eb/software/zlib/1.2.13-GCCcore-12.3.0/include]
  ignore line: [ /WAVE/apps/el8/conda/envs/Python/20230826/include]
  ignore line: [ /WAVE/projects/ycho_lab/software/OpenBLAS-GCC_12.3.0/include]
  ignore line: [ /WAVE/apps/el8/eb/software/GCCcore/12.3.0/lib/gcc/x86_64-pc-linux-gnu/12.3.0/../../../../include/c++/12.3.0]
  ignore line: [ /WAVE/apps/el8/eb/software/GCCcore/12.3.0/lib/gcc/x86_64-pc-linux-gnu/12.3.0/../../../../include/c++/12.3.0/x86_64-pc-linux-gnu]
  ignore line: [ /WAVE/apps/el8/eb/software/GCCcore/12.3.0/lib/gcc/x86_64-pc-linux-gnu/12.3.0/../../../../include/c++/12.3.0/backward]
  ignore line: [ /WAVE/apps/el8/eb/software/GCCcore/12.3.0/lib/gcc/x86_64-pc-linux-gnu/12.3.0/include]
  ignore line: [ /WAVE/apps/el8/eb/software/GCCcore/12.3.0/include]
  ignore line: [ /usr/include]
  ignore line: [End of search list.]
  ignore line: [GNU C++17 (GCC) version 12.3.0 (x86_64-pc-linux-gnu)]
  ignore line: [	compiled by GNU C version 12.3.0  GMP version 6.2.1  MPFR version 4.2.0  MPC version 1.3.1  isl version isl-0.26-GMP]
  ignore line: []
  ignore line: [GGC heuristics: --param ggc-min-expand=100 --param ggc-min-heapsize=131072]
  ignore line: [Compiler executable checksum: 85a5df532263a2e62cc36f7d1d54021d]
  ignore line: [COLLECT_GCC_OPTIONS='-v' '-o' 'CMakeFiles/cmTC_208f2.dir/CMakeCXXCompilerABI.cpp.o' '-c' '-shared-libgcc' '-mtune=generic' '-march=x86-64' '-dumpdir' 'CMakeFiles/cmTC_208f2.dir/']
  ignore line: [ as -v --64 -o CMakeFiles/cmTC_208f2.dir/CMakeCXXCompilerABI.cpp.o /tmp/ccJQwucS.s]
  ignore line: [GNU assembler version 2.40 (x86_64-pc-linux-gnu) using BFD version (GNU Binutils) 2.40]
  ignore line: [COMPILER_PATH=/WAVE/apps/el8/eb/software/GCCcore/12.3.0/libexec/gcc/x86_64-pc-linux-gnu/12.3.0/:/WAVE/apps/el8/eb/software/GCCcore/12.3.0/libexec/gcc/x86_64-pc-linux-gnu/12.3.0/:/WAVE/apps/el8/eb/software/GCCcore/12.3.0/libexec/gcc/x86_64-pc-linux-gnu/:/WAVE/apps/el8/eb/software/GCCcore/12.3.0/lib/gcc/x86_64-pc-linux-gnu/12.3.0/:/WAVE/apps/el8/eb/software/GCCcore/12.3.0/lib/gcc/x86_64-pc-linux-gnu/]
  ignore line: [LIBRARY_PATH=/WAVE/apps/el8/eb/software/binutils/2.40-GCCcore-12.3.0/lib/../lib64/:/WAVE/apps/el8/eb/software/zlib/1.2.13-GCCcore-12.3.0/lib/../lib64/:/WAVE/apps/el8/eb/software/GCCcore/12.3.0/lib/gcc/x86_64-pc-linux-gnu/12.3.0/:/WAVE/apps/el8/eb/software/GCCcore/12.3.0/lib/gcc/x86_64-pc-linux-gnu/12.3.0/../../../../lib64/:/lib/../lib64/:/usr/lib/../lib64/:/WAVE/apps/el8/packages/OpenMPI/4.1.5/app/lib/:/WAVE/apps/el8/packages/UCX/1.14.1/app/lib/:/WAVE/apps/el8/eb/software/binutils/2.40-GCCcore-12.3.0/lib/:/WAVE/apps/el8/eb/software/zlib/1.2.13-GCCcore-12.3.0/lib/:/WAVE/apps/el8/conda/envs/Python/20230826/lib/:/WAVE/projects/ycho_lab/software/OpenBLAS-GCC_12.3.0/lib/:/WAVE/apps/el8/eb/software/GCCcore/12.3.0/lib/gcc/x86_64-pc-linux-gnu/12.3.0/../../../:/lib/:/usr/lib/]
  ignore line: [COLLECT_GCC_OPTIONS='-v' '-o' 'CMakeFiles/cmTC_208f2.dir/CMakeCXXCompilerABI.cpp.o' '-c' '-shared-libgcc' '-mtune=generic' '-march=x86-64' '-dumpdir' 'CMakeFiles/cmTC_208f2.dir/CMakeCXXCompilerABI.cpp.']
  ignore line: [Linking CXX executable cmTC_208f2]
  ignore line: [/usr/bin/cmake -E cmake_link_script CMakeFiles/cmTC_208f2.dir/link.txt --verbose=1]
  ignore line: [/WAVE/apps/el8/eb/software/GCCcore/12.3.0/bin/c++  -v CMakeFiles/cmTC_208f2.dir/CMakeCXXCompilerABI.cpp.o -o cmTC_208f2 ]
  ignore line: [Using built-in specs.]
  ignore line: [COLLECT_GCC=/WAVE/apps/el8/eb/software/GCCcore/12.3.0/bin/c++]
  ignore line: [COLLECT_LTO_WRAPPER=/WAVE/apps/el8/eb/software/GCCcore/12.3.0/libexec/gcc/x86_64-pc-linux-gnu/12.3.0/lto-wrapper]
  ignore line: [OFFLOAD_TARGET_NAMES=nvptx-none]
  ignore line: [Target: x86_64-pc-linux-gnu]
  ignore line: [Configured with: ../configure --enable-languages=c,c++,fortran --without-cuda-driver --enable-offload-targets=nvptx-none --enable-lto --enable-checking=release --disable-multilib --enable-shared=yes --enable-static=yes --enable-threads=posix --enable-plugins --enable-gold --enable-ld=default --prefix=/WAVE/apps/el8/eb/software/GCCcore/12.3.0 --with-local-prefix=/WAVE/apps/el8/eb/software/GCCcore/12.3.0 --enable-bootstrap --with-isl=/WAVE/apps/el8/eb/build/GCCcore/12.3.0/system-system/gcc-12.3.0/stage2_stuff --build=x86_64-pc-linux-gnu --host=x86_64-pc-linux-gnu]
  ignore line: [Thread model: posix]
  ignore line: [Supported LTO compression algorithms: zlib zstd]
  ignore line: [gcc version 12.3.0 (GCC) ]
  ignore line: [COMPILER_PATH=/WAVE/apps/el8/eb/software/GCCcore/12.3.0/libexec/gcc/x86_64-pc-linux-gnu/12.3.0/:/WAVE/apps/el8/eb/software/GCCcore/12.3.0/libexec/gcc/x86_64-pc-linux-gnu/12.3.0/:/WAVE/apps/el8/eb/software/GCCcore/12.3.0/libexec/gcc/x86_64-pc-linux-gnu/:/WAVE/apps/el8/eb/software/GCCcore/12.3.0/lib/gcc/x86_64-pc-linux-gnu/12.3.0/:/WAVE/apps/el8/eb/software/GCCcore/12.3.0/lib/gcc/x86_64-pc-linux-gnu/]
  ignore line: [LIBRARY_PATH=/WAVE/apps/el8/eb/software/binutils/2.40-GCCcore-12.3.0/lib/../lib64/:/WAVE/apps/el8/eb/software/zlib/1.2.13-GCCcore-12.3.0/lib/../lib64/:/WAVE/apps/el8/eb/software/GCCcore/12.3.0/lib/gcc/x86_64-pc-linux-gnu/12.3.0/:/WAVE/apps/el8/eb/software/GCCcore/12.3.0/lib/gcc/x86_64-pc-linux-gnu/12.3.0/../../../../lib64/:/lib/../lib64/:/usr/lib/../lib64/:/WAVE/apps/el8/packages/OpenMPI/4.1.5/app/lib/:/WAVE/apps/el8/packages/UCX/1.14.1/app/lib/:/WAVE/apps/el8/eb/software/binutils/2.40-GCCcore-12.3.0/lib/:/WAVE/apps/el8/eb/software/zlib/1.2.13-GCCcore-12.3.0/lib/:/WAVE/apps/el8/conda/envs/Python/20230826/lib/:/WAVE/projects/ycho_lab/software/OpenBLAS-GCC_12.3.0/lib/:/WAVE/apps/el8/eb/software/GCCcore/12.3.0/lib/gcc/x86_64-pc-linux-gnu/12.3.0/../../../:/lib/:/usr/lib/]
  ignore line: [COLLECT_GCC_OPTIONS='-v' '-o' 'cmTC_208f2' '-shared-libgcc' '-mtune=generic' '-march=x86-64' '-dumpdir' 'cmTC_208f2.']
  link line: [ /WAVE/apps/el8/eb/software/GCCcore/12.3.0/libexec/gcc/x86_64-pc-linux-gnu/12.3.0/collect2 -plugin /WAVE/apps/el8/eb/software/GCCcore/12.3.0/libexec/gcc/x86_64-pc-linux-gnu/12.3.0/liblto_plugin.so -plugin-opt=/WAVE/apps/el8/eb/software/GCCcore/12.3.0/libexec/gcc/x86_64-pc-linux-gnu/12.3.0/lto-wrapper -plugin-opt=-fresolution=/tmp/ccdOHFkc.res -plugin-opt=-pass-through=-lgcc_s -plugin-opt=-pass-through=-lgcc -plugin-opt=-pass-through=-lc -plugin-opt=-pass-through=-lgcc_s -plugin-opt=-pass-through=-lgcc --eh-frame-hdr -m elf_x86_64 -dynamic-linker /lib64/ld-linux-x86-64.so.2 -o cmTC_208f2 /lib/../lib64/crt1.o /lib/../lib64/crti.o /WAVE/apps/el8/eb/software/GCCcore/12.3.0/lib/gcc/x86_64-pc-linux-gnu/12.3.0/crtbegin.o -L/WAVE/apps/el8/eb/software/binutils/2.40-GCCcore-12.3.0/lib/../lib64 -L/WAVE/apps/el8/eb/software/zlib/1.2.13-GCCcore-12.3.0/lib/../lib64 -L/WAVE/apps/el8/eb/software/GCCcore/12.3.0/lib/gcc/x86_64-pc-linux-gnu/12.3.0 -L/WAVE/apps/el8/eb/software/GCCcore/12.3.0/lib/gcc/x86_64-pc-linux-gnu/12.3.0/../../../../lib64 -L/lib/../lib64 -L/usr/lib/../lib64 -L/WAVE/apps/el8/packages/OpenMPI/4.1.5/app/lib -L/WAVE/apps/el8/packages/UCX/1.14.1/app/lib -L/WAVE/apps/el8/eb/software/binutils/2.40-GCCcore-12.3.0/lib -L/WAVE/apps/el8/eb/software/zlib/1.2.13-GCCcore-12.3.0/lib -L/WAVE/apps/el8/conda/envs/Python/20230826/lib -L/WAVE/projects/ycho_lab/software/OpenBLAS-GCC_12.3.0/lib -L/WAVE/apps/el8/eb/software/GCCcore/12.3.0/lib/gcc/x86_64-pc-linux-gnu/12.3.0/../../.. CMakeFiles/cmTC_208f2.dir/CMakeCXXCompilerABI.cpp.o -lstdc++ -lm -lgcc_s -lgcc -lc -lgcc_s -lgcc /WAVE/apps/el8/eb/software/GCCcore/12.3.0/lib/gcc/x86_64-pc-linux-gnu/12.3.0/crtend.o /lib/../lib64/crtn.o]
    arg [/WAVE/apps/el8/eb/software/GCCcore/12.3.0/libexec/gcc/x86_64-pc-linux-gnu/12.3.0/collect2] ==> ignore
    arg [-plugin] ==> ignore
    arg [/WAVE/apps/el8/eb/software/GCCcore/12.3.0/libexec/gcc/x86_64-pc-linux-gnu/12.3.0/liblto_plugin.so] ==> ignore
    arg [-plugin-opt=/WAVE/apps/el8/eb/software/GCCcore/12.3.0/libexec/gcc/x86_64-pc-linux-gnu/12.3.0/lto-wrapper] ==> ignore
    arg [-plugin-opt=-fresolution=/tmp/ccdOHFkc.res] ==> ignore
    arg [-plugin-opt=-pass-through=-lgcc_s] ==> ignore
    arg [-plugin-opt=-pass-through=-lgcc] ==> ignore
    arg [-plugin-opt=-pass-through=-lc] ==> ignore
    arg [-plugin-opt=-pass-through=-lgcc_s] ==> ignore
    arg [-plugin-opt=-pass-through=-lgcc] ==> ignore
    arg [--eh-frame-hdr] ==> ignore
    arg [-m] ==> ignore
    arg [elf_x86_64] ==> ignore
    arg [-dynamic-linker] ==> ignore
    arg [/lib64/ld-linux-x86-64.so.2] ==> ignore
    arg [-o] ==> ignore
    arg [cmTC_208f2] ==> ignore
    arg [/lib/../lib64/crt1.o] ==> obj [/lib/../lib64/crt1.o]
    arg [/lib/../lib64/crti.o] ==> obj [/lib/../lib64/crti.o]
    arg [/WAVE/apps/el8/eb/software/GCCcore/12.3.0/lib/gcc/x86_64-pc-linux-gnu/12.3.0/crtbegin.o] ==> obj [/WAVE/apps/el8/eb/software/GCCcore/12.3.0/lib/gcc/x86_64-pc-linux-gnu/12.3.0/crtbegin.o]
    arg [-L/WAVE/apps/el8/eb/software/binutils/2.40-GCCcore-12.3.0/lib/../lib64] ==> dir [/WAVE/apps/el8/eb/software/binutils/2.40-GCCcore-12.3.0/lib/../lib64]
    arg [-L/WAVE/apps/el8/eb/software/zlib/1.2.13-GCCcore-12.3.0/lib/../lib64] ==> dir [/WAVE/apps/el8/eb/software/zlib/1.2.13-GCCcore-12.3.0/lib/../lib64]
    arg [-L/WAVE/apps/el8/eb/software/GCCcore/12.3.0/lib/gcc/x86_64-pc-linux-gnu/12.3.0] ==> dir [/WAVE/apps/el8/eb/software/GCCcore/12.3.0/lib/gcc/x86_64-pc-linux-gnu/12.3.0]
    arg [-L/WAVE/apps/el8/eb/software/GCCcore/12.3.0/lib/gcc/x86_64-pc-linux-gnu/12.3.0/../../../../lib64] ==> dir [/WAVE/apps/el8/eb/software/GCCcore/12.3.0/lib/gcc/x86_64-pc-linux-gnu/12.3.0/../../../../lib64]
    arg [-L/lib/../lib64] ==> dir [/lib/../lib64]
    arg [-L/usr/lib/../lib64] ==> dir [/usr/lib/../lib64]
    arg [-L/WAVE/apps/el8/packages/OpenMPI/4.1.5/app/lib] ==> dir [/WAVE/apps/el8/packages/OpenMPI/4.1.5/app/lib]
    arg [-L/WAVE/apps/el8/packages/UCX/1.14.1/app/lib] ==> dir [/WAVE/apps/el8/packages/UCX/1.14.1/app/lib]
    arg [-L/WAVE/apps/el8/eb/software/binutils/2.40-GCCcore-12.3.0/lib] ==> dir [/WAVE/apps/el8/eb/software/binutils/2.40-GCCcore-12.3.0/lib]
    arg [-L/WAVE/apps/el8/eb/software/zlib/1.2.13-GCCcore-12.3.0/lib] ==> dir [/WAVE/apps/el8/eb/software/zlib/1.2.13-GCCcore-12.3.0/lib]
    arg [-L/WAVE/apps/el8/conda/envs/Python/20230826/lib] ==> dir [/WAVE/apps/el8/conda/envs/Python/20230826/lib]
    arg [-L/WAVE/projects/ycho_lab/software/OpenBLAS-GCC_12.3.0/lib] ==> dir [/WAVE/projects/ycho_lab/software/OpenBLAS-GCC_12.3.0/lib]
    arg [-L/WAVE/apps/el8/eb/software/GCCcore/12.3.0/lib/gcc/x86_64-pc-linux-gnu/12.3.0/../../..] ==> dir [/WAVE/apps/el8/eb/software/GCCcore/12.3.0/lib/gcc/x86_64-pc-linux-gnu/12.3.0/../../..]
    arg [CMakeFiles/cmTC_208f2.dir/CMakeCXXCompilerABI.cpp.o] ==> ignore
    arg [-lstdc++] ==> lib [stdc++]
    arg [-lm] ==> lib [m]
    arg [-lgcc_s] ==> lib [gcc_s]
    arg [-lgcc] ==> lib [gcc]
    arg [-lc] ==> lib [c]
    arg [-lgcc_s] ==> lib [gcc_s]
    arg [-lgcc] ==> lib [gcc]
    arg [/WAVE/apps/el8/eb/software/GCCcore/12.3.0/lib/gcc/x86_64-pc-linux-gnu/12.3.0/crtend.o] ==> obj [/WAVE/apps/el8/eb/software/GCCcore/12.3.0/lib/gcc/x86_64-pc-linux-gnu/12.3.0/crtend.o]
    arg [/lib/../lib64/crtn.o] ==> obj [/lib/../lib64/crtn.o]
  collapse obj [/lib/../lib64/crt1.o] ==> [/lib64/crt1.o]
  collapse obj [/lib/../lib64/crti.o] ==> [/lib64/crti.o]
  collapse obj [/lib/../lib64/crtn.o] ==> [/lib64/crtn.o]
  collapse library dir [/WAVE/apps/el8/eb/software/binutils/2.40-GCCcore-12.3.0/lib/../lib64] ==> [/WAVE/apps/el8/eb/software/binutils/2.40-GCCcore-12.3.0/lib64]
  collapse library dir [/WAVE/apps/el8/eb/software/zlib/1.2.13-GCCcore-12.3.0/lib/../lib64] ==> [/WAVE/apps/el8/eb/software/zlib/1.2.13-GCCcore-12.3.0/lib64]
  collapse library dir [/WAVE/apps/el8/eb/software/GCCcore/12.3.0/lib/gcc/x86_64-pc-linux-gnu/12.3.0] ==> [/WAVE/apps/el8/eb/software/GCCcore/12.3.0/lib/gcc/x86_64-pc-linux-gnu/12.3.0]
  collapse library dir [/WAVE/apps/el8/eb/software/GCCcore/12.3.0/lib/gcc/x86_64-pc-linux-gnu/12.3.0/../../../../lib64] ==> [/WAVE/apps/el8/eb/software/GCCcore/12.3.0/lib64]
  collapse library dir [/lib/../lib64] ==> [/lib64]
  collapse library dir [/usr/lib/../lib64] ==> [/usr/lib64]
  collapse library dir [/WAVE/apps/el8/packages/OpenMPI/4.1.5/app/lib] ==> [/WAVE/apps/el8/packages/OpenMPI/4.1.5/app/lib]
  collapse library dir [/WAVE/apps/el8/packages/UCX/1.14.1/app/lib] ==> [/WAVE/apps/el8/packages/UCX/1.14.1/app/lib]
  collapse library dir [/WAVE/apps/el8/eb/software/binutils/2.40-GCCcore-12.3.0/lib] ==> [/WAVE/apps/el8/eb/software/binutils/2.40-GCCcore-12.3.0/lib]
  collapse library dir [/WAVE/apps/el8/eb/software/zlib/1.2.13-GCCcore-12.3.0/lib] ==> [/WAVE/apps/el8/eb/software/zlib/1.2.13-GCCcore-12.3.0/lib]
  collapse library dir [/WAVE/apps/el8/conda/envs/Python/20230826/lib] ==> [/WAVE/apps/el8/conda/envs/Python/20230826/lib]
  collapse library dir [/WAVE/projects/ycho_lab/software/OpenBLAS-GCC_12.3.0/lib] ==> [/WAVE/users/unix/lcalder/ycho_lab/software/OpenBLAS-GCC_12.3.0/lib]
  collapse library dir [/WAVE/apps/el8/eb/software/GCCcore/12.3.0/lib/gcc/x86_64-pc-linux-gnu/12.3.0/../../..] ==> [/WAVE/apps/el8/eb/software/GCCcore/12.3.0/lib]
  implicit libs: [stdc++;m;gcc_s;gcc;c;gcc_s;gcc]
  implicit objs: [/lib64/crt1.o;/lib64/crti.o;/WAVE/apps/el8/eb/software/GCCcore/12.3.0/lib/gcc/x86_64-pc-linux-gnu/12.3.0/crtbegin.o;/WAVE/apps/el8/eb/software/GCCcore/12.3.0/lib/gcc/x86_64-pc-linux-gnu/12.3.0/crtend.o;/lib64/crtn.o]
  implicit dirs: [/WAVE/apps/el8/eb/software/binutils/2.40-GCCcore-12.3.0/lib64;/WAVE/apps/el8/eb/software/zlib/1.2.13-GCCcore-12.3.0/lib64;/WAVE/apps/el8/eb/software/GCCcore/12.3.0/lib/gcc/x86_64-pc-linux-gnu/12.3.0;/WAVE/apps/el8/eb/software/GCCcore/12.3.0/lib64;/lib64;/usr/lib64;/WAVE/apps/el8/packages/OpenMPI/4.1.5/app/lib;/WAVE/apps/el8/packages/UCX/1.14.1/app/lib;/WAVE/apps/el8/eb/software/binutils/2.40-GCCcore-12.3.0/lib;/WAVE/apps/el8/eb/software/zlib/1.2.13-GCCcore-12.3.0/lib;/WAVE/apps/el8/conda/envs/Python/20230826/lib;/WAVE/users/unix/lcalder/ycho_lab/software/OpenBLAS-GCC_12.3.0/lib;/WAVE/apps/el8/eb/software/GCCcore/12.3.0/lib]
  implicit fwks: []


Detecting CXX OpenMP compiler ABI info compiled with the following output:
Change Dir: /WAVE/users/unix/lcalder/ycho_lab/logan_calder/workspace/blaspp-build/CMakeFiles/CMakeTmp

Run Build Command(s):/usr/bin/gmake -f Makefile cmTC_a2385/fast && /usr/bin/gmake  -f CMakeFiles/cmTC_a2385.dir/build.make CMakeFiles/cmTC_a2385.dir/build
gmake[1]: Entering directory '/WAVE/projects/ycho_lab/logan_calder/workspace/blaspp-build/CMakeFiles/CMakeTmp'
Building CXX object CMakeFiles/cmTC_a2385.dir/OpenMPTryFlag.cpp.o
/WAVE/apps/el8/eb/software/GCCcore/12.3.0/bin/c++   -fopenmp -v -o CMakeFiles/cmTC_a2385.dir/OpenMPTryFlag.cpp.o -c /WAVE/users/unix/lcalder/ycho_lab/logan_calder/workspace/blaspp-build/CMakeFiles/FindOpenMP/OpenMPTryFlag.cpp
Using built-in specs.
COLLECT_GCC=/WAVE/apps/el8/eb/software/GCCcore/12.3.0/bin/c++
OFFLOAD_TARGET_NAMES=nvptx-none
Target: x86_64-pc-linux-gnu
Configured with: ../configure --enable-languages=c,c++,fortran --without-cuda-driver --enable-offload-targets=nvptx-none --enable-lto --enable-checking=release --disable-multilib --enable-shared=yes --enable-static=yes --enable-threads=posix --enable-plugins --enable-gold --enable-ld=default --prefix=/WAVE/apps/el8/eb/software/GCCcore/12.3.0 --with-local-prefix=/WAVE/apps/el8/eb/software/GCCcore/12.3.0 --enable-bootstrap --with-isl=/WAVE/apps/el8/eb/build/GCCcore/12.3.0/system-system/gcc-12.3.0/stage2_stuff --build=x86_64-pc-linux-gnu --host=x86_64-pc-linux-gnu
Thread model: posix
Supported LTO compression algorithms: zlib zstd
gcc version 12.3.0 (GCC) 
COLLECT_GCC_OPTIONS='-fopenmp' '-v' '-o' 'CMakeFiles/cmTC_a2385.dir/OpenMPTryFlag.cpp.o' '-c' '-shared-libgcc' '-mtune=generic' '-march=x86-64' '-pthread' '-dumpdir' 'CMakeFiles/cmTC_a2385.dir/'
 /WAVE/apps/el8/eb/software/GCCcore/12.3.0/libexec/gcc/x86_64-pc-linux-gnu/12.3.0/cc1plus -quiet -v -D_GNU_SOURCE -D_REENTRANT /WAVE/users/unix/lcalder/ycho_lab/logan_calder/workspace/blaspp-build/CMakeFiles/FindOpenMP/OpenMPTryFlag.cpp -quiet -dumpdir CMakeFiles/cmTC_a2385.dir/ -dumpbase OpenMPTryFlag.cpp.cpp -dumpbase-ext .cpp -mtune=generic -march=x86-64 -version -fopenmp -o /tmp/ccT2zQLr.s
GNU C++17 (GCC) version 12.3.0 (x86_64-pc-linux-gnu)
	compiled by GNU C version 12.3.0, GMP version 6.2.1, MPFR version 4.2.0, MPC version 1.3.1, isl version isl-0.26-GMP

GGC heuristics: --param ggc-min-expand=100 --param ggc-min-heapsize=131072
ignoring nonexistent directory "/WAVE/apps/el8/eb/software/GCCcore/12.3.0/lib/gcc/x86_64-pc-linux-gnu/12.3.0/include-fixed"
ignoring nonexistent directory "/WAVE/apps/el8/eb/software/GCCcore/12.3.0/lib/gcc/x86_64-pc-linux-gnu/12.3.0/../../../../x86_64-pc-linux-gnu/include"
#include "..." search starts here:
#include <...> search starts here:
 /WAVE/apps/el8/packages/OpenMPI/4.1.5/app/include
 /WAVE/apps/el8/packages/UCX/1.14.1/app/include
 /WAVE/apps/el8/eb/software/binutils/2.40-GCCcore-12.3.0/include
 /WAVE/apps/el8/eb/software/zlib/1.2.13-GCCcore-12.3.0/include
 /WAVE/apps/el8/conda/envs/Python/20230826/include
 /WAVE/projects/ycho_lab/software/OpenBLAS-GCC_12.3.0/include
 /WAVE/apps/el8/eb/software/GCCcore/12.3.0/lib/gcc/x86_64-pc-linux-gnu/12.3.0/../../../../include/c++/12.3.0
 /WAVE/apps/el8/eb/software/GCCcore/12.3.0/lib/gcc/x86_64-pc-linux-gnu/12.3.0/../../../../include/c++/12.3.0/x86_64-pc-linux-gnu
 /WAVE/apps/el8/eb/software/GCCcore/12.3.0/lib/gcc/x86_64-pc-linux-gnu/12.3.0/../../../../include/c++/12.3.0/backward
 /WAVE/apps/el8/eb/software/GCCcore/12.3.0/lib/gcc/x86_64-pc-linux-gnu/12.3.0/include
 /WAVE/apps/el8/eb/software/GCCcore/12.3.0/include
 /usr/include
End of search list.
GNU C++17 (GCC) version 12.3.0 (x86_64-pc-linux-gnu)
	compiled by GNU C version 12.3.0, GMP version 6.2.1, MPFR version 4.2.0, MPC version 1.3.1, isl version isl-0.26-GMP

GGC heuristics: --param ggc-min-expand=100 --param ggc-min-heapsize=131072
Compiler executable checksum: 85a5df532263a2e62cc36f7d1d54021d
COLLECT_GCC_OPTIONS='-fopenmp' '-v' '-o' 'CMakeFiles/cmTC_a2385.dir/OpenMPTryFlag.cpp.o' '-c' '-shared-libgcc' '-mtune=generic' '-march=x86-64' '-pthread' '-dumpdir' 'CMakeFiles/cmTC_a2385.dir/'
 as -v --64 -o CMakeFiles/cmTC_a2385.dir/OpenMPTryFlag.cpp.o /tmp/ccT2zQLr.s
GNU assembler version 2.40 (x86_64-pc-linux-gnu) using BFD version (GNU Binutils) 2.40
COMPILER_PATH=/WAVE/apps/el8/eb/software/GCCcore/12.3.0/libexec/gcc/x86_64-pc-linux-gnu/12.3.0/:/WAVE/apps/el8/eb/software/GCCcore/12.3.0/libexec/gcc/x86_64-pc-linux-gnu/12.3.0/:/WAVE/apps/el8/eb/software/GCCcore/12.3.0/libexec/gcc/x86_64-pc-linux-gnu/:/WAVE/apps/el8/eb/software/GCCcore/12.3.0/lib/gcc/x86_64-pc-linux-gnu/12.3.0/:/WAVE/apps/el8/eb/software/GCCcore/12.3.0/lib/gcc/x86_64-pc-linux-gnu/
LIBRARY_PATH=/WAVE/apps/el8/eb/software/binutils/2.40-GCCcore-12.3.0/lib/../lib64/:/WAVE/apps/el8/eb/software/zlib/1.2.13-GCCcore-12.3.0/lib/../lib64/:/WAVE/apps/el8/eb/software/GCCcore/12.3.0/lib/gcc/x86_64-pc-linux-gnu/12.3.0/:/WAVE/apps/el8/eb/software/GCCcore/12.3.0/lib/gcc/x86_64-pc-linux-gnu/12.3.0/../../../../lib64/:/lib/../lib64/:/usr/lib/../lib64/:/WAVE/apps/el8/packages/OpenMPI/4.1.5/app/lib/:/WAVE/apps/el8/packages/UCX/1.14.1/app/lib/:/WAVE/apps/el8/eb/software/binutils/2.40-GCCcore-12.3.0/lib/:/WAVE/apps/el8/eb/software/zlib/1.2.13-GCCcore-12.3.0/lib/:/WAVE/apps/el8/conda/envs/Python/20230826/lib/:/WAVE/projects/ycho_lab/software/OpenBLAS-GCC_12.3.0/lib/:/WAVE/apps/el8/eb/software/GCCcore/12.3.0/lib/gcc/x86_64-pc-linux-gnu/12.3.0/../../../:/lib/:/usr/lib/
COLLECT_GCC_OPTIONS='-fopenmp' '-v' '-o' 'CMakeFiles/cmTC_a2385.dir/OpenMPTryFlag.cpp.o' '-c' '-shared-libgcc' '-mtune=generic' '-march=x86-64' '-pthread' '-dumpdir' 'CMakeFiles/cmTC_a2385.dir/OpenMPTryFlag.cpp.'
Linking CXX executable cmTC_a2385
/usr/bin/cmake -E cmake_link_script CMakeFiles/cmTC_a2385.dir/link.txt --verbose=1
/WAVE/apps/el8/eb/software/GCCcore/12.3.0/bin/c++  -fopenmp -v CMakeFiles/cmTC_a2385.dir/OpenMPTryFlag.cpp.o -o cmTC_a2385  -v 
Using built-in specs.
COLLECT_GCC=/WAVE/apps/el8/eb/software/GCCcore/12.3.0/bin/c++
COLLECT_LTO_WRAPPER=/WAVE/apps/el8/eb/software/GCCcore/12.3.0/libexec/gcc/x86_64-pc-linux-gnu/12.3.0/lto-wrapper
OFFLOAD_TARGET_NAMES=nvptx-none
Target: x86_64-pc-linux-gnu
Configured with: ../configure --enable-languages=c,c++,fortran --without-cuda-driver --enable-offload-targets=nvptx-none --enable-lto --enable-checking=release --disable-multilib --enable-shared=yes --enable-static=yes --enable-threads=posix --enable-plugins --enable-gold --enable-ld=default --prefix=/WAVE/apps/el8/eb/software/GCCcore/12.3.0 --with-local-prefix=/WAVE/apps/el8/eb/software/GCCcore/12.3.0 --enable-bootstrap --with-isl=/WAVE/apps/el8/eb/build/GCCcore/12.3.0/system-system/gcc-12.3.0/stage2_stuff --build=x86_64-pc-linux-gnu --host=x86_64-pc-linux-gnu
Thread model: posix
Supported LTO compression algorithms: zlib zstd
gcc version 12.3.0 (GCC) 
COMPILER_PATH=/WAVE/apps/el8/eb/software/GCCcore/12.3.0/libexec/gcc/x86_64-pc-linux-gnu/12.3.0/:/WAVE/apps/el8/eb/software/GCCcore/12.3.0/libexec/gcc/x86_64-pc-linux-gnu/12.3.0/:/WAVE/apps/el8/eb/software/GCCcore/12.3.0/libexec/gcc/x86_64-pc-linux-gnu/:/WAVE/apps/el8/eb/software/GCCcore/12.3.0/lib/gcc/x86_64-pc-linux-gnu/12.3.0/:/WAVE/apps/el8/eb/software/GCCcore/12.3.0/lib/gcc/x86_64-pc-linux-gnu/
LIBRARY_PATH=/WAVE/apps/el8/eb/software/binutils/2.40-GCCcore-12.3.0/lib/../lib64/:/WAVE/apps/el8/eb/software/zlib/1.2.13-GCCcore-12.3.0/lib/../lib64/:/WAVE/apps/el8/eb/software/GCCcore/12.3.0/lib/gcc/x86_64-pc-linux-gnu/12.3.0/:/WAVE/apps/el8/eb/software/GCCcore/12.3.0/lib/gcc/x86_64-pc-linux-gnu/12.3.0/../../../../lib64/:/lib/../lib64/:/usr/lib/../lib64/:/WAVE/apps/el8/packages/OpenMPI/4.1.5/app/lib/:/WAVE/apps/el8/packages/UCX/1.14.1/app/lib/:/WAVE/apps/el8/eb/software/binutils/2.40-GCCcore-12.3.0/lib/:/WAVE/apps/el8/eb/software/zlib/1.2.13-GCCcore-12.3.0/lib/:/WAVE/apps/el8/conda/envs/Python/20230826/lib/:/WAVE/projects/ycho_lab/software/OpenBLAS-GCC_12.3.0/lib/:/WAVE/apps/el8/eb/software/GCCcore/12.3.0/lib/gcc/x86_64-pc-linux-gnu/12.3.0/../../../:/lib/:/usr/lib/
Reading specs from /WAVE/apps/el8/eb/software/GCCcore/12.3.0/lib/gcc/x86_64-pc-linux-gnu/12.3.0/../../../../lib64/libgomp.spec
COLLECT_GCC_OPTIONS='-fopenmp' '-v' '-o' 'cmTC_a2385' '-v' '-shared-libgcc' '-mtune=generic' '-march=x86-64' '-pthread' '-dumpdir' 'cmTC_a2385.'
 /WAVE/apps/el8/eb/software/GCCcore/12.3.0/libexec/gcc/x86_64-pc-linux-gnu/12.3.0/collect2 -plugin /WAVE/apps/el8/eb/software/GCCcore/12.3.0/libexec/gcc/x86_64-pc-linux-gnu/12.3.0/liblto_plugin.so -plugin-opt=/WAVE/apps/el8/eb/software/GCCcore/12.3.0/libexec/gcc/x86_64-pc-linux-gnu/12.3.0/lto-wrapper -plugin-opt=-fresolution=/tmp/ccqLy5g3.res -plugin-opt=-pass-through=-lgcc_s -plugin-opt=-pass-through=-lgcc -plugin-opt=-pass-through=-lpthread -plugin-opt=-pass-through=-lc -plugin-opt=-pass-through=-lgcc_s -plugin-opt=-pass-through=-lgcc --eh-frame-hdr -m elf_x86_64 -dynamic-linker /lib64/ld-linux-x86-64.so.2 -o cmTC_a2385 /lib/../lib64/crt1.o /lib/../lib64/crti.o /WAVE/apps/el8/eb/software/GCCcore/12.3.0/lib/gcc/x86_64-pc-linux-gnu/12.3.0/crtbegin.o /WAVE/apps/el8/eb/software/GCCcore/12.3.0/lib/gcc/x86_64-pc-linux-gnu/12.3.0/crtoffloadbegin.o -L/WAVE/apps/el8/eb/software/binutils/2.40-GCCcore-12.3.0/lib/../lib64 -L/WAVE/apps/el8/eb/software/zlib/1.2.13-GCCcore-12.3.0/lib/../lib64 -L/WAVE/apps/el8/eb/software/GCCcore/12.3.0/lib/gcc/x86_64-pc-linux-gnu/12.3.0 -L/WAVE/apps/el8/eb/software/GCCcore/12.3.0/lib/gcc/x86_64-pc-linux-gnu/12.3.0/../../../../lib64 -L/lib/../lib64 -L/usr/lib/../lib64 -L/WAVE/apps/el8/packages/OpenMPI/4.1.5/app/lib -L/WAVE/apps/el8/packages/UCX/1.14.1/app/lib -L/WAVE/apps/el8/eb/software/binutils/2.40-GCCcore-12.3.0/lib -L/WAVE/apps/el8/eb/software/zlib/1.2.13-GCCcore-12.3.0/lib -L/WAVE/apps/el8/conda/envs/Python/20230826/lib -L/WAVE/projects/ycho_lab/software/OpenBLAS-GCC_12.3.0/lib -L/WAVE/apps/el8/eb/software/GCCcore/12.3.0/lib/gcc/x86_64-pc-linux-gnu/12.3.0/../../.. CMakeFiles/cmTC_a2385.dir/OpenMPTryFlag.cpp.o -lstdc++ -lm -lgomp -lgcc_s -lgcc -lpthread -lc -lgcc_s -lgcc /WAVE/apps/el8/eb/software/GCCcore/12.3.0/lib/gcc/x86_64-pc-linux-gnu/12.3.0/crtend.o /lib/../lib64/crtn.o /WAVE/apps/el8/eb/software/GCCcore/12.3.0/lib/gcc/x86_64-pc-linux-gnu/12.3.0/crtoffloadend.o
COLLECT_GCC_OPTIONS='-fopenmp' '-v' '-o' 'cmTC_a2385' '-v' '-shared-libgcc' '-mtune=generic' '-march=x86-64' '-pthread' '-dumpdir' 'cmTC_a2385.'
gmake[1]: Leaving directory '/WAVE/projects/ycho_lab/logan_calder/workspace/blaspp-build/CMakeFiles/CMakeTmp'



Parsed CXX OpenMP implicit link information from above output:
  link line regex: [^( *|.*[/\])(ld|CMAKE_LINK_STARTFILE-NOTFOUND|([^/\]+-)?ld|collect2)[^/\]*( |$)]
  ignore line: [Change Dir: /WAVE/users/unix/lcalder/ycho_lab/logan_calder/workspace/blaspp-build/CMakeFiles/CMakeTmp]
  ignore line: []
  ignore line: [Run Build Command(s):/usr/bin/gmake -f Makefile cmTC_a2385/fast && /usr/bin/gmake  -f CMakeFiles/cmTC_a2385.dir/build.make CMakeFiles/cmTC_a2385.dir/build]
  ignore line: [gmake[1]: Entering directory '/WAVE/projects/ycho_lab/logan_calder/workspace/blaspp-build/CMakeFiles/CMakeTmp']
  ignore line: [Building CXX object CMakeFiles/cmTC_a2385.dir/OpenMPTryFlag.cpp.o]
  ignore line: [/WAVE/apps/el8/eb/software/GCCcore/12.3.0/bin/c++   -fopenmp -v -o CMakeFiles/cmTC_a2385.dir/OpenMPTryFlag.cpp.o -c /WAVE/users/unix/lcalder/ycho_lab/logan_calder/workspace/blaspp-build/CMakeFiles/FindOpenMP/OpenMPTryFlag.cpp]
  ignore line: [Using built-in specs.]
  ignore line: [COLLECT_GCC=/WAVE/apps/el8/eb/software/GCCcore/12.3.0/bin/c++]
  ignore line: [OFFLOAD_TARGET_NAMES=nvptx-none]
  ignore line: [Target: x86_64-pc-linux-gnu]
  ignore line: [Configured with: ../configure --enable-languages=c,c++,fortran --without-cuda-driver --enable-offload-targets=nvptx-none --enable-lto --enable-checking=release --disable-multilib --enable-shared=yes --enable-static=yes --enable-threads=posix --enable-plugins --enable-gold --enable-ld=default --prefix=/WAVE/apps/el8/eb/software/GCCcore/12.3.0 --with-local-prefix=/WAVE/apps/el8/eb/software/GCCcore/12.3.0 --enable-bootstrap --with-isl=/WAVE/apps/el8/eb/build/GCCcore/12.3.0/system-system/gcc-12.3.0/stage2_stuff --build=x86_64-pc-linux-gnu --host=x86_64-pc-linux-gnu]
  ignore line: [Thread model: posix]
  ignore line: [Supported LTO compression algorithms: zlib zstd]
  ignore line: [gcc version 12.3.0 (GCC) ]
  ignore line: [COLLECT_GCC_OPTIONS='-fopenmp' '-v' '-o' 'CMakeFiles/cmTC_a2385.dir/OpenMPTryFlag.cpp.o' '-c' '-shared-libgcc' '-mtune=generic' '-march=x86-64' '-pthread' '-dumpdir' 'CMakeFiles/cmTC_a2385.dir/']
  ignore line: [ /WAVE/apps/el8/eb/software/GCCcore/12.3.0/libexec/gcc/x86_64-pc-linux-gnu/12.3.0/cc1plus -quiet -v -D_GNU_SOURCE -D_REENTRANT /WAVE/users/unix/lcalder/ycho_lab/logan_calder/workspace/blaspp-build/CMakeFiles/FindOpenMP/OpenMPTryFlag.cpp -quiet -dumpdir CMakeFiles/cmTC_a2385.dir/ -dumpbase OpenMPTryFlag.cpp.cpp -dumpbase-ext .cpp -mtune=generic -march=x86-64 -version -fopenmp -o /tmp/ccT2zQLr.s]
  ignore line: [GNU C++17 (GCC) version 12.3.0 (x86_64-pc-linux-gnu)]
  ignore line: [	compiled by GNU C version 12.3.0  GMP version 6.2.1  MPFR version 4.2.0  MPC version 1.3.1  isl version isl-0.26-GMP]
  ignore line: []
  ignore line: [GGC heuristics: --param ggc-min-expand=100 --param ggc-min-heapsize=131072]
  ignore line: [ignoring nonexistent directory "/WAVE/apps/el8/eb/software/GCCcore/12.3.0/lib/gcc/x86_64-pc-linux-gnu/12.3.0/include-fixed"]
  ignore line: [ignoring nonexistent directory "/WAVE/apps/el8/eb/software/GCCcore/12.3.0/lib/gcc/x86_64-pc-linux-gnu/12.3.0/../../../../x86_64-pc-linux-gnu/include"]
  ignore line: [#include "..." search starts here:]
  ignore line: [#include <...> search starts here:]
  ignore line: [ /WAVE/apps/el8/packages/OpenMPI/4.1.5/app/include]
  ignore line: [ /WAVE/apps/el8/packages/UCX/1.14.1/app/include]
  ignore line: [ /WAVE/apps/el8/eb/software/binutils/2.40-GCCcore-12.3.0/include]
  ignore line: [ /WAVE/apps/el8/eb/software/zlib/1.2.13-GCCcore-12.3.0/include]
  ignore line: [ /WAVE/apps/el8/conda/envs/Python/20230826/include]
  ignore line: [ /WAVE/projects/ycho_lab/software/OpenBLAS-GCC_12.3.0/include]
  ignore line: [ /WAVE/apps/el8/eb/software/GCCcore/12.3.0/lib/gcc/x86_64-pc-linux-gnu/12.3.0/../../../../include/c++/12.3.0]
  ignore line: [ /WAVE/apps/el8/eb/software/GCCcore/12.3.0/lib/gcc/x86_64-pc-linux-gnu/12.3.0/../../../../include/c++/12.3.0/x86_64-pc-linux-gnu]
  ignore line: [ /WAVE/apps/el8/eb/software/GCCcore/12.3.0/lib/gcc/x86_64-pc-linux-gnu/12.3.0/../../../../include/c++/12.3.0/backward]
  ignore line: [ /WAVE/apps/el8/eb/software/GCCcore/12.3.0/lib/gcc/x86_64-pc-linux-gnu/12.3.0/include]
  ignore line: [ /WAVE/apps/el8/eb/software/GCCcore/12.3.0/include]
  ignore line: [ /usr/include]
  ignore line: [End of search list.]
  ignore line: [GNU C++17 (GCC) version 12.3.0 (x86_64-pc-linux-gnu)]
  ignore line: [	compiled by GNU C version 12.3.0  GMP version 6.2.1  MPFR version 4.2.0  MPC version 1.3.1  isl version isl-0.26-GMP]
  ignore line: []
  ignore line: [GGC heuristics: --param ggc-min-expand=100 --param ggc-min-heapsize=131072]
  ignore line: [Compiler executable checksum: 85a5df532263a2e62cc36f7d1d54021d]
  ignore line: [COLLECT_GCC_OPTIONS='-fopenmp' '-v' '-o' 'CMakeFiles/cmTC_a2385.dir/OpenMPTryFlag.cpp.o' '-c' '-shared-libgcc' '-mtune=generic' '-march=x86-64' '-pthread' '-dumpdir' 'CMakeFiles/cmTC_a2385.dir/']
  ignore line: [ as -v --64 -o CMakeFiles/cmTC_a2385.dir/OpenMPTryFlag.cpp.o /tmp/ccT2zQLr.s]
  ignore line: [GNU assembler version 2.40 (x86_64-pc-linux-gnu) using BFD version (GNU Binutils) 2.40]
  ignore line: [COMPILER_PATH=/WAVE/apps/el8/eb/software/GCCcore/12.3.0/libexec/gcc/x86_64-pc-linux-gnu/12.3.0/:/WAVE/apps/el8/eb/software/GCCcore/12.3.0/libexec/gcc/x86_64-pc-linux-gnu/12.3.0/:/WAVE/apps/el8/eb/software/GCCcore/12.3.0/libexec/gcc/x86_64-pc-linux-gnu/:/WAVE/apps/el8/eb/software/GCCcore/12.3.0/lib/gcc/x86_64-pc-linux-gnu/12.3.0/:/WAVE/apps/el8/eb/software/GCCcore/12.3.0/lib/gcc/x86_64-pc-linux-gnu/]
  ignore line: [LIBRARY_PATH=/WAVE/apps/el8/eb/software/binutils/2.40-GCCcore-12.3.0/lib/../lib64/:/WAVE/apps/el8/eb/software/zlib/1.2.13-GCCcore-12.3.0/lib/../lib64/:/WAVE/apps/el8/eb/software/GCCcore/12.3.0/lib/gcc/x86_64-pc-linux-gnu/12.3.0/:/WAVE/apps/el8/eb/software/GCCcore/12.3.0/lib/gcc/x86_64-pc-linux-gnu/12.3.0/../../../../lib64/:/lib/../lib64/:/usr/lib/../lib64/:/WAVE/apps/el8/packages/OpenMPI/4.1.5/app/lib/:/WAVE/apps/el8/packages/UCX/1.14.1/app/lib/:/WAVE/apps/el8/eb/software/binutils/2.40-GCCcore-12.3.0/lib/:/WAVE/apps/el8/eb/software/zlib/1.2.13-GCCcore-12.3.0/lib/:/WAVE/apps/el8/conda/envs/Python/20230826/lib/:/WAVE/projects/ycho_lab/software/OpenBLAS-GCC_12.3.0/lib/:/WAVE/apps/el8/eb/software/GCCcore/12.3.0/lib/gcc/x86_64-pc-linux-gnu/12.3.0/../../../:/lib/:/usr/lib/]
  ignore line: [COLLECT_GCC_OPTIONS='-fopenmp' '-v' '-o' 'CMakeFiles/cmTC_a2385.dir/OpenMPTryFlag.cpp.o' '-c' '-shared-libgcc' '-mtune=generic' '-march=x86-64' '-pthread' '-dumpdir' 'CMakeFiles/cmTC_a2385.dir/OpenMPTryFlag.cpp.']
  ignore line: [Linking CXX executable cmTC_a2385]
  ignore line: [/usr/bin/cmake -E cmake_link_script CMakeFiles/cmTC_a2385.dir/link.txt --verbose=1]
  ignore line: [/WAVE/apps/el8/eb/software/GCCcore/12.3.0/bin/c++  -fopenmp -v CMakeFiles/cmTC_a2385.dir/OpenMPTryFlag.cpp.o -o cmTC_a2385  -v ]
  ignore line: [Using built-in specs.]
  ignore line: [COLLECT_GCC=/WAVE/apps/el8/eb/software/GCCcore/12.3.0/bin/c++]
  ignore line: [COLLECT_LTO_WRAPPER=/WAVE/apps/el8/eb/software/GCCcore/12.3.0/libexec/gcc/x86_64-pc-linux-gnu/12.3.0/lto-wrapper]
  ignore line: [OFFLOAD_TARGET_NAMES=nvptx-none]
  ignore line: [Target: x86_64-pc-linux-gnu]
  ignore line: [Configured with: ../configure --enable-languages=c,c++,fortran --without-cuda-driver --enable-offload-targets=nvptx-none --enable-lto --enable-checking=release --disable-multilib --enable-shared=yes --enable-static=yes --enable-threads=posix --enable-plugins --enable-gold --enable-ld=default --prefix=/WAVE/apps/el8/eb/software/GCCcore/12.3.0 --with-local-prefix=/WAVE/apps/el8/eb/software/GCCcore/12.3.0 --enable-bootstrap --with-isl=/WAVE/apps/el8/eb/build/GCCcore/12.3.0/system-system/gcc-12.3.0/stage2_stuff --build=x86_64-pc-linux-gnu --host=x86_64-pc-linux-gnu]
  ignore line: [Thread model: posix]
  ignore line: [Supported LTO compression algorithms: zlib zstd]
  ignore line: [gcc version 12.3.0 (GCC) ]
  ignore line: [COMPILER_PATH=/WAVE/apps/el8/eb/software/GCCcore/12.3.0/libexec/gcc/x86_64-pc-linux-gnu/12.3.0/:/WAVE/apps/el8/eb/software/GCCcore/12.3.0/libexec/gcc/x86_64-pc-linux-gnu/12.3.0/:/WAVE/apps/el8/eb/software/GCCcore/12.3.0/libexec/gcc/x86_64-pc-linux-gnu/:/WAVE/apps/el8/eb/software/GCCcore/12.3.0/lib/gcc/x86_64-pc-linux-gnu/12.3.0/:/WAVE/apps/el8/eb/software/GCCcore/12.3.0/lib/gcc/x86_64-pc-linux-gnu/]
  ignore line: [LIBRARY_PATH=/WAVE/apps/el8/eb/software/binutils/2.40-GCCcore-12.3.0/lib/../lib64/:/WAVE/apps/el8/eb/software/zlib/1.2.13-GCCcore-12.3.0/lib/../lib64/:/WAVE/apps/el8/eb/software/GCCcore/12.3.0/lib/gcc/x86_64-pc-linux-gnu/12.3.0/:/WAVE/apps/el8/eb/software/GCCcore/12.3.0/lib/gcc/x86_64-pc-linux-gnu/12.3.0/../../../../lib64/:/lib/../lib64/:/usr/lib/../lib64/:/WAVE/apps/el8/packages/OpenMPI/4.1.5/app/lib/:/WAVE/apps/el8/packages/UCX/1.14.1/app/lib/:/WAVE/apps/el8/eb/software/binutils/2.40-GCCcore-12.3.0/lib/:/WAVE/apps/el8/eb/software/zlib/1.2.13-GCCcore-12.3.0/lib/:/WAVE/apps/el8/conda/envs/Python/20230826/lib/:/WAVE/projects/ycho_lab/software/OpenBLAS-GCC_12.3.0/lib/:/WAVE/apps/el8/eb/software/GCCcore/12.3.0/lib/gcc/x86_64-pc-linux-gnu/12.3.0/../../../:/lib/:/usr/lib/]
  ignore line: [Reading specs from /WAVE/apps/el8/eb/software/GCCcore/12.3.0/lib/gcc/x86_64-pc-linux-gnu/12.3.0/../../../../lib64/libgomp.spec]
  ignore line: [COLLECT_GCC_OPTIONS='-fopenmp' '-v' '-o' 'cmTC_a2385' '-v' '-shared-libgcc' '-mtune=generic' '-march=x86-64' '-pthread' '-dumpdir' 'cmTC_a2385.']
  link line: [ /WAVE/apps/el8/eb/software/GCCcore/12.3.0/libexec/gcc/x86_64-pc-linux-gnu/12.3.0/collect2 -plugin /WAVE/apps/el8/eb/software/GCCcore/12.3.0/libexec/gcc/x86_64-pc-linux-gnu/12.3.0/liblto_plugin.so -plugin-opt=/WAVE/apps/el8/eb/software/GCCcore/12.3.0/libexec/gcc/x86_64-pc-linux-gnu/12.3.0/lto-wrapper -plugin-opt=-fresolution=/tmp/ccqLy5g3.res -plugin-opt=-pass-through=-lgcc_s -plugin-opt=-pass-through=-lgcc -plugin-opt=-pass-through=-lpthread -plugin-opt=-pass-through=-lc -plugin-opt=-pass-through=-lgcc_s -plugin-opt=-pass-through=-lgcc --eh-frame-hdr -m elf_x86_64 -dynamic-linker /lib64/ld-linux-x86-64.so.2 -o cmTC_a2385 /lib/../lib64/crt1.o /lib/../lib64/crti.o /WAVE/apps/el8/eb/software/GCCcore/12.3.0/lib/gcc/x86_64-pc-linux-gnu/12.3.0/crtbegin.o /WAVE/apps/el8/eb/software/GCCcore/12.3.0/lib/gcc/x86_64-pc-linux-gnu/12.3.0/crtoffloadbegin.o -L/WAVE/apps/el8/eb/software/binutils/2.40-GCCcore-12.3.0/lib/../lib64 -L/WAVE/apps/el8/eb/software/zlib/1.2.13-GCCcore-12.3.0/lib/../lib64 -L/WAVE/apps/el8/eb/software/GCCcore/12.3.0/lib/gcc/x86_64-pc-linux-gnu/12.3.0 -L/WAVE/apps/el8/eb/software/GCCcore/12.3.0/lib/gcc/x86_64-pc-linux-gnu/12.3.0/../../../../lib64 -L/lib/../lib64 -L/usr/lib/../lib64 -L/WAVE/apps/el8/packages/OpenMPI/4.1.5/app/lib -L/WAVE/apps/el8/packages/UCX/1.14.1/app/lib -L/WAVE/apps/el8/eb/software/binutils/2.40-GCCcore-12.3.0/lib -L/WAVE/apps/el8/eb/software/zlib/1.2.13-GCCcore-12.3.0/lib -L/WAVE/apps/el8/conda/envs/Python/20230826/lib -L/WAVE/projects/ycho_lab/software/OpenBLAS-GCC_12.3.0/lib -L/WAVE/apps/el8/eb/software/GCCcore/12.3.0/lib/gcc/x86_64-pc-linux-gnu/12.3.0/../../.. CMakeFiles/cmTC_a2385.dir/OpenMPTryFlag.cpp.o -lstdc++ -lm -lgomp -lgcc_s -lgcc -lpthread -lc -lgcc_s -lgcc /WAVE/apps/el8/eb/software/GCCcore/12.3.0/lib/gcc/x86_64-pc-linux-gnu/12.3.0/crtend.o /lib/../lib64/crtn.o /WAVE/apps/el8/eb/software/GCCcore/12.3.0/lib/gcc/x86_64-pc-linux-gnu/12.3.0/crtoffloadend.o]
    arg [/WAVE/apps/el8/eb/software/GCCcore/12.3.0/libexec/gcc/x86_64-pc-linux-gnu/12.3.0/collect2] ==> ignore
    arg [-plugin] ==> ignore
    arg [/WAVE/apps/el8/eb/software/GCCcore/12.3.0/libexec/gcc/x86_64-pc-linux-gnu/12.3.0/liblto_plugin.so] ==> ignore
    arg [-plugin-opt=/WAVE/apps/el8/eb/software/GCCcore/12.3.0/libexec/gcc/x86_64-pc-linux-gnu/12.3.0/lto-wrapper] ==> ignore
    arg [-plugin-opt=-fresolution=/tmp/ccqLy5g3.res] ==> ignore
    arg [-plugin-opt=-pass-through=-lgcc_s] ==> ignore
    arg [-plugin-opt=-pass-through=-lgcc] ==> ignore
    arg [-plugin-opt=-pass-through=-lpthread] ==> ignore
    arg [-plugin-opt=-pass-through=-lc] ==> ignore
    arg [-plugin-opt=-pass-through=-lgcc_s] ==> ignore
    arg [-plugin-opt=-pass-through=-lgcc] ==> ignore
    arg [--eh-frame-hdr] ==> ignore
    arg [-m] ==> ignore
    arg [elf_x86_64] ==> ignore
    arg [-dynamic-linker] ==> ignore
    arg [/lib64/ld-linux-x86-64.so.2] ==> ignore
    arg [-o] ==> ignore
    arg [cmTC_a2385] ==> ignore
    arg [-L/WAVE/apps/el8/eb/software/binutils/2.40-GCCcore-12.3.0/lib/../lib64] ==> dir [/WAVE/apps/el8/eb/software/binutils/2.40-GCCcore-12.3.0/lib/../lib64]
    arg [-L/WAVE/apps/el8/eb/software/zlib/1.2.13-GCCcore-12.3.0/lib/../lib64] ==> dir [/WAVE/apps/el8/eb/software/zlib/1.2.13-GCCcore-12.3.0/lib/../lib64]
    arg [-L/WAVE/apps/el8/eb/software/GCCcore/12.3.0/lib/gcc/x86_64-pc-linux-gnu/12.3.0] ==> dir [/WAVE/apps/el8/eb/software/GCCcore/12.3.0/lib/gcc/x86_64-pc-linux-gnu/12.3.0]
    arg [-L/WAVE/apps/el8/eb/software/GCCcore/12.3.0/lib/gcc/x86_64-pc-linux-gnu/12.3.0/../../../../lib64] ==> dir [/WAVE/apps/el8/eb/software/GCCcore/12.3.0/lib/gcc/x86_64-pc-linux-gnu/12.3.0/../../../../lib64]
    arg [-L/lib/../lib64] ==> dir [/lib/../lib64]
    arg [-L/usr/lib/../lib64] ==> dir [/usr/lib/../lib64]
    arg [-L/WAVE/apps/el8/packages/OpenMPI/4.1.5/app/lib] ==> dir [/WAVE/apps/el8/packages/OpenMPI/4.1.5/app/lib]
    arg [-L/WAVE/apps/el8/packages/UCX/1.14.1/app/lib] ==> dir [/WAVE/apps/el8/packages/UCX/1.14.1/app/lib]
    arg [-L/WAVE/apps/el8/eb/software/binutils/2.40-GCCcore-12.3.0/lib] ==> dir [/WAVE/apps/el8/eb/software/binutils/2.40-GCCcore-12.3.0/lib]
    arg [-L/WAVE/apps/el8/eb/software/zlib/1.2.13-GCCcore-12.3.0/lib] ==> dir [/WAVE/apps/el8/eb/software/zlib/1.2.13-GCCcore-12.3.0/lib]
    arg [-L/WAVE/apps/el8/conda/envs/Python/20230826/lib] ==> dir [/WAVE/apps/el8/conda/envs/Python/20230826/lib]
    arg [-L/WAVE/projects/ycho_lab/software/OpenBLAS-GCC_12.3.0/lib] ==> dir [/WAVE/projects/ycho_lab/software/OpenBLAS-GCC_12.3.0/lib]
    arg [-L/WAVE/apps/el8/eb/software/GCCcore/12.3.0/lib/gcc/x86_64-pc-linux-gnu/12.3.0/../../..] ==> dir [/WAVE/apps/el8/eb/software/GCCcore/12.3.0/lib/gcc/x86_64-pc-linux-gnu/12.3.0/../../..]
    arg [CMakeFiles/cmTC_a2385.dir/OpenMPTryFlag.cpp.o] ==> ignore
    arg [-lstdc++] ==> lib [stdc++]
    arg [-lm] ==> lib [m]
    arg [-lgomp] ==> lib [gomp]
    arg [-lgcc_s] ==> lib [gcc_s]
    arg [-lgcc] ==> lib [gcc]
    arg [-lpthread] ==> lib [pthread]
    arg [-lc] ==> lib [c]
    arg [-lgcc_s] ==> lib [gcc_s]
    arg [-lgcc] ==> lib [gcc]
  collapse library dir [/WAVE/apps/el8/eb/software/binutils/2.40-GCCcore-12.3.0/lib/../lib64] ==> [/WAVE/apps/el8/eb/software/binutils/2.40-GCCcore-12.3.0/lib64]
  collapse library dir [/WAVE/apps/el8/eb/software/zlib/1.2.13-GCCcore-12.3.0/lib/../lib64] ==> [/WAVE/apps/el8/eb/software/zlib/1.2.13-GCCcore-12.3.0/lib64]
  collapse library dir [/WAVE/apps/el8/eb/software/GCCcore/12.3.0/lib/gcc/x86_64-pc-linux-gnu/12.3.0] ==> [/WAVE/apps/el8/eb/software/GCCcore/12.3.0/lib/gcc/x86_64-pc-linux-gnu/12.3.0]
  collapse library dir [/WAVE/apps/el8/eb/software/GCCcore/12.3.0/lib/gcc/x86_64-pc-linux-gnu/12.3.0/../../../../lib64] ==> [/WAVE/apps/el8/eb/software/GCCcore/12.3.0/lib64]
  collapse library dir [/lib/../lib64] ==> [/lib64]
  collapse library dir [/usr/lib/../lib64] ==> [/usr/lib64]
  collapse library dir [/WAVE/apps/el8/packages/OpenMPI/4.1.5/app/lib] ==> [/WAVE/apps/el8/packages/OpenMPI/4.1.5/app/lib]
  collapse library dir [/WAVE/apps/el8/packages/UCX/1.14.1/app/lib] ==> [/WAVE/apps/el8/packages/UCX/1.14.1/app/lib]
  collapse library dir [/WAVE/apps/el8/eb/software/binutils/2.40-GCCcore-12.3.0/lib] ==> [/WAVE/apps/el8/eb/software/binutils/2.40-GCCcore-12.3.0/lib]
  collapse library dir [/WAVE/apps/el8/eb/software/zlib/1.2.13-GCCcore-12.3.0/lib] ==> [/WAVE/apps/el8/eb/software/zlib/1.2.13-GCCcore-12.3.0/lib]
  collapse library dir [/WAVE/apps/el8/conda/envs/Python/20230826/lib] ==> [/WAVE/apps/el8/conda/envs/Python/20230826/lib]
  collapse library dir [/WAVE/projects/ycho_lab/software/OpenBLAS-GCC_12.3.0/lib] ==> [/WAVE/users/unix/lcalder/ycho_lab/software/OpenBLAS-GCC_12.3.0/lib]
  collapse library dir [/WAVE/apps/el8/eb/software/GCCcore/12.3.0/lib/gcc/x86_64-pc-linux-gnu/12.3.0/../../..] ==> [/WAVE/apps/el8/eb/software/GCCcore/12.3.0/lib]
  implicit libs: [stdc++;m;gomp;gcc_s;gcc;pthread;c;gcc_s;gcc]
  implicit objs: []
  implicit dirs: [/WAVE/apps/el8/eb/software/binutils/2.40-GCCcore-12.3.0/lib64;/WAVE/apps/el8/eb/software/zlib/1.2.13-GCCcore-12.3.0/lib64;/WAVE/apps/el8/eb/software/GCCcore/12.3.0/lib/gcc/x86_64-pc-linux-gnu/12.3.0;/WAVE/apps/el8/eb/software/GCCcore/12.3.0/lib64;/lib64;/usr/lib64;/WAVE/apps/el8/packages/OpenMPI/4.1.5/app/lib;/WAVE/apps/el8/packages/UCX/1.14.1/app/lib;/WAVE/apps/el8/eb/software/binutils/2.40-GCCcore-12.3.0/lib;/WAVE/apps/el8/eb/software/zlib/1.2.13-GCCcore-12.3.0/lib;/WAVE/apps/el8/conda/envs/Python/20230826/lib;/WAVE/users/unix/lcalder/ycho_lab/software/OpenBLAS-GCC_12.3.0/lib;/WAVE/apps/el8/eb/software/GCCcore/12.3.0/lib]
  implicit fwks: []


